2022-01-30 13:48.23.295 [INFO] [restartedMain] [c.e.PayRollEmpApplication:55] Starting PayRollEmpApplication using Java 17.0.1 on daaku-Vostro-3558 with PID 4860 (/home/daaku/STS-workspace/PayRollEmp/target/classes started by daaku in /home/daaku/STS-workspace/PayRollEmp)
2022-01-30 13:48.23.299 [INFO] [restartedMain] [c.e.PayRollEmpApplication:641] The following profiles are active: dev
2022-01-30 13:48.23.544 [INFO] [restartedMain] [o.s.d.r.c.RepositoryConfigurationDelegate:132] Bootstrapping Spring Data JPA repositories in DEFAULT mode.
2022-01-30 13:48.23.546 [INFO] [restartedMain] [o.s.d.r.c.RepositoryConfigurationDelegate:201] Finished Spring Data repository scanning in 1 ms. Found 0 JPA repository interfaces.
2022-01-30 13:48.23.713 [INFO] [restartedMain] [o.s.b.w.e.t.TomcatWebServer:108] Tomcat initialized with port(s): 8080 (http)
2022-01-30 13:48.23.715 [INFO] [restartedMain] [o.a.c.c.StandardService:173] Starting service [Tomcat]
2022-01-30 13:48.23.715 [INFO] [restartedMain] [o.a.c.c.StandardEngine:173] Starting Servlet engine: [Apache Tomcat/9.0.56]
2022-01-30 13:48.23.727 [INFO] [restartedMain] [o.a.c.c.C.[.[.[/]:173] Initializing Spring embedded WebApplicationContext
2022-01-30 13:48.23.728 [INFO] [restartedMain] [o.s.b.w.s.c.ServletWebServerApplicationContext:290] Root WebApplicationContext: initialization completed in 423 ms
2022-01-30 13:48.23.805 [INFO] [restartedMain] [c.z.h.HikariDataSource:110] HikariPool-3 - Starting...
2022-01-30 13:48.23.968 [INFO] [restartedMain] [c.z.h.HikariDataSource:123] HikariPool-3 - Start completed.
2022-01-30 13:48.24.28 [INFO] [restartedMain] [o.s.o.j.LocalContainerEntityManagerFactoryBean:437] Initialized JPA EntityManagerFactory for persistence unit 'default'
2022-01-30 13:48.24.64 [WARN] [restartedMain] [o.s.b.a.o.j.JpaBaseConfiguration$JpaWebConfiguration:219] spring.jpa.open-in-view is enabled by default. Therefore, database queries may be performed during view rendering. Explicitly configure spring.jpa.open-in-view to disable this warning
2022-01-30 13:48.24.204 [WARN] [restartedMain] [o.s.b.a.t.ThymeleafAutoConfiguration$DefaultTemplateResolverConfiguration:106] Cannot find template location: classpath:/templates/ (please add some templates or check your Thymeleaf configuration)
2022-01-30 13:48.24.273 [INFO] [restartedMain] [o.s.b.d.a.OptionalLiveReloadServer:58] LiveReload server is running on port 35729
2022-01-30 13:48.24.298 [INFO] [restartedMain] [o.s.b.w.e.t.TomcatWebServer:220] Tomcat started on port(s): 8080 (http) with context path ''
2022-01-30 13:48.24.310 [INFO] [restartedMain] [c.e.PayRollEmpApplication:61] Started PayRollEmpApplication in 1.132 seconds (JVM running for 165.386)
2022-01-30 13:48.24.314 [INFO] [restartedMain] [o.s.b.d.a.ConditionEvaluationDeltaLoggingListener:63] Condition evaluation unchanged
2022-01-30 13:48.24.316 [INFO] [restartedMain] [c.e.PayRollEmpApplication:15] nithun has started running in DEV environment 
2022-01-30 13:48.33.932 [INFO] [RMI TCP Connection(6)-127.0.0.1] [o.s.b.a.SpringApplicationAdminMXBeanRegistrar$SpringApplicationAdmin:159] Application shutdown requested.
2022-01-30 13:48.33.940 [INFO] [RMI TCP Connection(6)-127.0.0.1] [o.s.o.j.LocalContainerEntityManagerFactoryBean:651] Closing JPA EntityManagerFactory for persistence unit 'default'
2022-01-30 13:48.33.942 [INFO] [RMI TCP Connection(6)-127.0.0.1] [c.z.h.HikariDataSource:350] HikariPool-3 - Shutdown initiated...
2022-01-30 13:48.33.950 [INFO] [RMI TCP Connection(6)-127.0.0.1] [c.z.h.HikariDataSource:352] HikariPool-3 - Shutdown completed.
2022-01-30 13:48.38.582 [INFO] [restartedMain] [c.e.PayRollEmpApplication:55] Starting PayRollEmpApplication using Java 17.0.1 on daaku-Vostro-3558 with PID 5079 (/home/daaku/STS-workspace/PayRollEmp/target/classes started by daaku in /home/daaku/STS-workspace/PayRollEmp)
2022-01-30 13:48.38.586 [INFO] [restartedMain] [c.e.PayRollEmpApplication:641] The following profiles are active: dev
2022-01-30 13:48.38.696 [INFO] [restartedMain] [o.s.b.d.e.DevToolsPropertyDefaultsPostProcessor:255] Devtools property defaults active! Set 'spring.devtools.add-properties' to 'false' to disable
2022-01-30 13:48.38.697 [INFO] [restartedMain] [o.s.b.d.e.DevToolsPropertyDefaultsPostProcessor:255] For additional web related logging consider setting the 'logging.level.web' property to 'DEBUG'
2022-01-30 13:48.40.85 [INFO] [restartedMain] [o.s.d.r.c.RepositoryConfigurationDelegate:132] Bootstrapping Spring Data JPA repositories in DEFAULT mode.
2022-01-30 13:48.40.111 [INFO] [restartedMain] [o.s.d.r.c.RepositoryConfigurationDelegate:201] Finished Spring Data repository scanning in 11 ms. Found 0 JPA repository interfaces.
2022-01-30 13:48.41.60 [INFO] [restartedMain] [o.s.b.w.e.t.TomcatWebServer:108] Tomcat initialized with port(s): 8080 (http)
2022-01-30 13:48.41.74 [INFO] [restartedMain] [o.a.c.c.StandardService:173] Starting service [Tomcat]
2022-01-30 13:48.41.75 [INFO] [restartedMain] [o.a.c.c.StandardEngine:173] Starting Servlet engine: [Apache Tomcat/9.0.56]
2022-01-30 13:48.41.189 [INFO] [restartedMain] [o.a.c.c.C.[.[.[/]:173] Initializing Spring embedded WebApplicationContext
2022-01-30 13:48.41.189 [INFO] [restartedMain] [o.s.b.w.s.c.ServletWebServerApplicationContext:290] Root WebApplicationContext: initialization completed in 2491 ms
2022-01-30 13:48.41.885 [INFO] [restartedMain] [c.z.h.HikariDataSource:110] HikariPool-1 - Starting...
2022-01-30 13:48.42.501 [INFO] [restartedMain] [c.z.h.HikariDataSource:123] HikariPool-1 - Start completed.
2022-01-30 13:48.43.164 [INFO] [restartedMain] [o.s.o.j.LocalContainerEntityManagerFactoryBean:437] Initialized JPA EntityManagerFactory for persistence unit 'default'
2022-01-30 13:48.43.281 [WARN] [restartedMain] [o.s.b.a.o.j.JpaBaseConfiguration$JpaWebConfiguration:219] spring.jpa.open-in-view is enabled by default. Therefore, database queries may be performed during view rendering. Explicitly configure spring.jpa.open-in-view to disable this warning
2022-01-30 13:48.43.775 [WARN] [restartedMain] [o.s.b.a.t.ThymeleafAutoConfiguration$DefaultTemplateResolverConfiguration:106] Cannot find template location: classpath:/templates/ (please add some templates or check your Thymeleaf configuration)
2022-01-30 13:48.43.928 [INFO] [restartedMain] [o.s.b.d.a.OptionalLiveReloadServer:58] LiveReload server is running on port 35729
2022-01-30 13:48.43.979 [INFO] [restartedMain] [o.s.b.w.e.t.TomcatWebServer:220] Tomcat started on port(s): 8080 (http) with context path ''
2022-01-30 13:48.44.00 [INFO] [restartedMain] [c.e.PayRollEmpApplication:61] Started PayRollEmpApplication in 6.326 seconds (JVM running for 7.97)
2022-01-30 13:48.44.05 [INFO] [restartedMain] [c.e.PayRollEmpApplication:15] nithun has started running in DEV environment 
2022-01-30 13:49.32.417 [INFO] [Thread-5] [o.s.o.j.LocalContainerEntityManagerFactoryBean:651] Closing JPA EntityManagerFactory for persistence unit 'default'
2022-01-30 13:49.32.465 [INFO] [Thread-5] [c.z.h.HikariDataSource:350] HikariPool-1 - Shutdown initiated...
2022-01-30 13:49.32.495 [INFO] [Thread-5] [c.z.h.HikariDataSource:352] HikariPool-1 - Shutdown completed.
2022-01-30 14:13.07.469 [INFO] [restartedMain] [c.e.PayRollEmpApplication:55] Starting PayRollEmpApplication using Java 17.0.1 on daaku-Vostro-3558 with PID 5079 (/home/daaku/STS-workspace/PayRollEmp/target/classes started by daaku in /home/daaku/STS-workspace/PayRollEmp)
2022-01-30 14:13.07.511 [INFO] [restartedMain] [c.e.PayRollEmpApplication:641] The following profiles are active: dev
2022-01-30 14:13.07.695 [INFO] [restartedMain] [o.s.d.r.c.RepositoryConfigurationDelegate:132] Bootstrapping Spring Data JPA repositories in DEFAULT mode.
2022-01-30 14:13.07.698 [INFO] [restartedMain] [o.s.d.r.c.RepositoryConfigurationDelegate:201] Finished Spring Data repository scanning in 1 ms. Found 0 JPA repository interfaces.
2022-01-30 14:13.07.862 [INFO] [restartedMain] [o.s.b.w.e.t.TomcatWebServer:108] Tomcat initialized with port(s): 8080 (http)
2022-01-30 14:13.07.864 [INFO] [restartedMain] [o.a.c.c.StandardService:173] Starting service [Tomcat]
2022-01-30 14:13.07.865 [INFO] [restartedMain] [o.a.c.c.StandardEngine:173] Starting Servlet engine: [Apache Tomcat/9.0.56]
2022-01-30 14:13.07.880 [INFO] [restartedMain] [o.a.c.c.C.[.[.[/]:173] Initializing Spring embedded WebApplicationContext
2022-01-30 14:13.07.881 [INFO] [restartedMain] [o.s.b.w.s.c.ServletWebServerApplicationContext:290] Root WebApplicationContext: initialization completed in 366 ms
2022-01-30 14:13.07.949 [INFO] [restartedMain] [c.z.h.HikariDataSource:110] HikariPool-5 - Starting...
2022-01-30 14:13.08.47 [INFO] [restartedMain] [c.z.h.HikariDataSource:123] HikariPool-5 - Start completed.
2022-01-30 14:13.08.96 [INFO] [restartedMain] [o.s.o.j.LocalContainerEntityManagerFactoryBean:437] Initialized JPA EntityManagerFactory for persistence unit 'default'
2022-01-30 14:13.08.134 [WARN] [restartedMain] [o.s.b.a.o.j.JpaBaseConfiguration$JpaWebConfiguration:219] spring.jpa.open-in-view is enabled by default. Therefore, database queries may be performed during view rendering. Explicitly configure spring.jpa.open-in-view to disable this warning
2022-01-30 14:13.08.266 [WARN] [restartedMain] [o.s.b.a.t.ThymeleafAutoConfiguration$DefaultTemplateResolverConfiguration:106] Cannot find template location: classpath:/templates/ (please add some templates or check your Thymeleaf configuration)
2022-01-30 14:13.08.315 [INFO] [restartedMain] [o.s.b.d.a.OptionalLiveReloadServer:58] LiveReload server is running on port 35729
2022-01-30 14:13.08.337 [INFO] [restartedMain] [o.s.b.w.e.t.TomcatWebServer:220] Tomcat started on port(s): 8080 (http) with context path ''
2022-01-30 14:13.08.347 [INFO] [restartedMain] [c.e.PayRollEmpApplication:61] Started PayRollEmpApplication in 0.923 seconds (JVM running for 1472.317)
2022-01-30 14:13.08.350 [INFO] [restartedMain] [o.s.b.d.a.ConditionEvaluationDeltaLoggingListener:63] Condition evaluation unchanged
2022-01-30 14:13.08.351 [INFO] [restartedMain] [c.e.PayRollEmpApplication:15] nithun has started running in DEV environment 
2022-01-30 14:13.27.161 [INFO] [http-nio-8080-exec-2] [o.a.c.c.C.[.[.[/]:173] Initializing Spring DispatcherServlet 'dispatcherServlet'
2022-01-30 14:13.27.192 [WARN] [http-nio-8080-exec-2] [o.s.w.s.m.s.DefaultHandlerExceptionResolver:208] Resolved [org.springframework.http.converter.HttpMessageNotReadableException: JSON parse error: Cannot deserialize value of type `java.time.LocalDate` from String "28-02-2020": Failed to deserialize java.time.LocalDate: (java.time.format.DateTimeParseException) Text '28-02-2020' could not be parsed at index 2; nested exception is com.fasterxml.jackson.databind.exc.InvalidFormatException: Cannot deserialize value of type `java.time.LocalDate` from String "28-02-2020": Failed to deserialize java.time.LocalDate: (java.time.format.DateTimeParseException) Text '28-02-2020' could not be parsed at index 2<EOL> at [Source: (PushbackInputStream); line: 5, column: 17] (through reference chain: com.emp.DTO.EmpPayRollDTO["startDate"])]
2022-01-30 14:14.14.588 [WARN] [http-nio-8080-exec-4] [o.s.w.s.m.s.DefaultHandlerExceptionResolver:208] Resolved [org.springframework.http.converter.HttpMessageNotReadableException: JSON parse error: Cannot deserialize value of type `java.time.LocalDate` from String "28 02 2020": Failed to deserialize java.time.LocalDate: (java.time.format.DateTimeParseException) Text '28 02 2020' could not be parsed: Unable to obtain LocalDate from TemporalAccessor: {MinuteOfHour=2, DayOfMonth=28, Year=2020},ISO of type java.time.format.Parsed; nested exception is com.fasterxml.jackson.databind.exc.InvalidFormatException: Cannot deserialize value of type `java.time.LocalDate` from String "28 02 2020": Failed to deserialize java.time.LocalDate: (java.time.format.DateTimeParseException) Text '28 02 2020' could not be parsed: Unable to obtain LocalDate from TemporalAccessor: {MinuteOfHour=2, DayOfMonth=28, Year=2020},ISO of type java.time.format.Parsed<EOL> at [Source: (PushbackInputStream); line: 5, column: 17] (through reference chain: com.emp.DTO.EmpPayRollDTO["startDate"])]
2022-01-30 14:14.22.509 [WARN] [http-nio-8080-exec-6] [o.s.w.s.m.s.DefaultHandlerExceptionResolver:208] Resolved [org.springframework.http.converter.HttpMessageNotReadableException: JSON parse error: Cannot deserialize value of type `java.time.LocalDate` from String "28 02 2020": Failed to deserialize java.time.LocalDate: (java.time.format.DateTimeParseException) Text '28 02 2020' could not be parsed: Unable to obtain LocalDate from TemporalAccessor: {MinuteOfHour=2, DayOfMonth=28, Year=2020},ISO of type java.time.format.Parsed; nested exception is com.fasterxml.jackson.databind.exc.InvalidFormatException: Cannot deserialize value of type `java.time.LocalDate` from String "28 02 2020": Failed to deserialize java.time.LocalDate: (java.time.format.DateTimeParseException) Text '28 02 2020' could not be parsed: Unable to obtain LocalDate from TemporalAccessor: {MinuteOfHour=2, DayOfMonth=28, Year=2020},ISO of type java.time.format.Parsed<EOL> at [Source: (PushbackInputStream); line: 5, column: 17] (through reference chain: com.emp.DTO.EmpPayRollDTO["startDate"])]
2022-01-30 14:15.02.445 [INFO] [RMI TCP Connection(31)-127.0.0.1] [o.s.b.a.SpringApplicationAdminMXBeanRegistrar$SpringApplicationAdmin:159] Application shutdown requested.
2022-01-30 14:15.02.454 [INFO] [RMI TCP Connection(31)-127.0.0.1] [o.s.o.j.LocalContainerEntityManagerFactoryBean:651] Closing JPA EntityManagerFactory for persistence unit 'default'
2022-01-30 14:15.02.456 [INFO] [RMI TCP Connection(31)-127.0.0.1] [c.z.h.HikariDataSource:350] HikariPool-5 - Shutdown initiated...
2022-01-30 14:15.02.462 [INFO] [RMI TCP Connection(31)-127.0.0.1] [c.z.h.HikariDataSource:352] HikariPool-5 - Shutdown completed.
2022-01-30 14:15.05.649 [INFO] [restartedMain] [c.e.PayRollEmpApplication:55] Starting PayRollEmpApplication using Java 17.0.1 on daaku-Vostro-3558 with PID 5486 (/home/daaku/STS-workspace/PayRollEmp/target/classes started by daaku in /home/daaku/STS-workspace/PayRollEmp)
2022-01-30 14:15.05.654 [INFO] [restartedMain] [c.e.PayRollEmpApplication:641] The following profiles are active: dev
2022-01-30 14:15.05.770 [INFO] [restartedMain] [o.s.b.d.e.DevToolsPropertyDefaultsPostProcessor:255] Devtools property defaults active! Set 'spring.devtools.add-properties' to 'false' to disable
2022-01-30 14:15.05.771 [INFO] [restartedMain] [o.s.b.d.e.DevToolsPropertyDefaultsPostProcessor:255] For additional web related logging consider setting the 'logging.level.web' property to 'DEBUG'
2022-01-30 14:15.07.736 [INFO] [restartedMain] [o.s.d.r.c.RepositoryConfigurationDelegate:132] Bootstrapping Spring Data JPA repositories in DEFAULT mode.
2022-01-30 14:15.07.773 [INFO] [restartedMain] [o.s.d.r.c.RepositoryConfigurationDelegate:201] Finished Spring Data repository scanning in 9 ms. Found 0 JPA repository interfaces.
2022-01-30 14:15.09.159 [INFO] [restartedMain] [o.s.b.w.e.t.TomcatWebServer:108] Tomcat initialized with port(s): 8080 (http)
2022-01-30 14:15.09.175 [INFO] [restartedMain] [o.a.c.c.StandardService:173] Starting service [Tomcat]
2022-01-30 14:15.09.176 [INFO] [restartedMain] [o.a.c.c.StandardEngine:173] Starting Servlet engine: [Apache Tomcat/9.0.56]
2022-01-30 14:15.09.300 [INFO] [restartedMain] [o.a.c.c.C.[.[.[/]:173] Initializing Spring embedded WebApplicationContext
2022-01-30 14:15.09.300 [INFO] [restartedMain] [o.s.b.w.s.c.ServletWebServerApplicationContext:290] Root WebApplicationContext: initialization completed in 3528 ms
2022-01-30 14:15.10.868 [INFO] [restartedMain] [c.z.h.HikariDataSource:110] HikariPool-1 - Starting...
2022-01-30 14:15.11.709 [INFO] [restartedMain] [c.z.h.HikariDataSource:123] HikariPool-1 - Start completed.
2022-01-30 14:15.13.196 [INFO] [restartedMain] [o.s.o.j.LocalContainerEntityManagerFactoryBean:437] Initialized JPA EntityManagerFactory for persistence unit 'default'
2022-01-30 14:15.13.309 [WARN] [restartedMain] [o.s.b.a.o.j.JpaBaseConfiguration$JpaWebConfiguration:219] spring.jpa.open-in-view is enabled by default. Therefore, database queries may be performed during view rendering. Explicitly configure spring.jpa.open-in-view to disable this warning
2022-01-30 14:15.14.289 [WARN] [restartedMain] [o.s.b.a.t.ThymeleafAutoConfiguration$DefaultTemplateResolverConfiguration:106] Cannot find template location: classpath:/templates/ (please add some templates or check your Thymeleaf configuration)
2022-01-30 14:15.14.512 [INFO] [restartedMain] [o.s.b.d.a.OptionalLiveReloadServer:58] LiveReload server is running on port 35729
2022-01-30 14:15.14.562 [INFO] [restartedMain] [o.s.b.w.e.t.TomcatWebServer:220] Tomcat started on port(s): 8080 (http) with context path ''
2022-01-30 14:15.14.579 [INFO] [restartedMain] [c.e.PayRollEmpApplication:61] Started PayRollEmpApplication in 9.586 seconds (JVM running for 11.071)
2022-01-30 14:15.14.584 [INFO] [restartedMain] [c.e.PayRollEmpApplication:15] nithun has started running in DEV environment 
2022-01-30 14:15.23.91 [INFO] [http-nio-8080-exec-2] [o.a.c.c.C.[.[.[/]:173] Initializing Spring DispatcherServlet 'dispatcherServlet'
2022-01-30 14:15.23.494 [WARN] [http-nio-8080-exec-2] [o.s.w.s.m.s.DefaultHandlerExceptionResolver:208] Resolved [org.springframework.http.converter.HttpMessageNotReadableException: JSON parse error: Cannot deserialize value of type `java.time.LocalDate` from String "28 02 2020": Failed to deserialize java.time.LocalDate: (java.time.format.DateTimeParseException) Text '28 02 2020' could not be parsed: Unable to obtain LocalDate from TemporalAccessor: {DayOfMonth=28, MinuteOfHour=2, Year=2020},ISO of type java.time.format.Parsed; nested exception is com.fasterxml.jackson.databind.exc.InvalidFormatException: Cannot deserialize value of type `java.time.LocalDate` from String "28 02 2020": Failed to deserialize java.time.LocalDate: (java.time.format.DateTimeParseException) Text '28 02 2020' could not be parsed: Unable to obtain LocalDate from TemporalAccessor: {DayOfMonth=28, MinuteOfHour=2, Year=2020},ISO of type java.time.format.Parsed<EOL> at [Source: (PushbackInputStream); line: 5, column: 17] (through reference chain: com.emp.DTO.EmpPayRollDTO["startDate"])]
2022-01-30 14:16.15.19 [INFO] [Thread-5] [o.s.o.j.LocalContainerEntityManagerFactoryBean:651] Closing JPA EntityManagerFactory for persistence unit 'default'
2022-01-30 14:16.15.23 [INFO] [Thread-5] [c.z.h.HikariDataSource:350] HikariPool-1 - Shutdown initiated...
2022-01-30 14:16.15.34 [INFO] [Thread-5] [c.z.h.HikariDataSource:352] HikariPool-1 - Shutdown completed.
2022-01-30 14:16.15.182 [INFO] [restartedMain] [c.e.PayRollEmpApplication:55] Starting PayRollEmpApplication using Java 17.0.1 on daaku-Vostro-3558 with PID 5486 (/home/daaku/STS-workspace/PayRollEmp/target/classes started by daaku in /home/daaku/STS-workspace/PayRollEmp)
2022-01-30 14:16.15.183 [INFO] [restartedMain] [c.e.PayRollEmpApplication:641] The following profiles are active: dev
2022-01-30 14:16.15.527 [INFO] [restartedMain] [o.s.d.r.c.RepositoryConfigurationDelegate:132] Bootstrapping Spring Data JPA repositories in DEFAULT mode.
2022-01-30 14:16.15.532 [INFO] [restartedMain] [o.s.d.r.c.RepositoryConfigurationDelegate:201] Finished Spring Data repository scanning in 3 ms. Found 0 JPA repository interfaces.
2022-01-30 14:16.15.733 [INFO] [restartedMain] [o.s.b.w.e.t.TomcatWebServer:108] Tomcat initialized with port(s): 8080 (http)
2022-01-30 14:16.15.735 [INFO] [restartedMain] [o.a.c.c.StandardService:173] Starting service [Tomcat]
2022-01-30 14:16.15.736 [INFO] [restartedMain] [o.a.c.c.StandardEngine:173] Starting Servlet engine: [Apache Tomcat/9.0.56]
2022-01-30 14:16.15.753 [INFO] [restartedMain] [o.a.c.c.C.[.[.[/]:173] Initializing Spring embedded WebApplicationContext
2022-01-30 14:16.15.754 [INFO] [restartedMain] [o.s.b.w.s.c.ServletWebServerApplicationContext:290] Root WebApplicationContext: initialization completed in 564 ms
2022-01-30 14:16.15.830 [INFO] [restartedMain] [c.z.h.HikariDataSource:110] HikariPool-2 - Starting...
2022-01-30 14:16.15.966 [INFO] [restartedMain] [c.z.h.HikariDataSource:123] HikariPool-2 - Start completed.
2022-01-30 14:16.16.21 [INFO] [restartedMain] [o.s.o.j.LocalContainerEntityManagerFactoryBean:437] Initialized JPA EntityManagerFactory for persistence unit 'default'
2022-01-30 14:16.16.73 [WARN] [restartedMain] [o.s.b.a.o.j.JpaBaseConfiguration$JpaWebConfiguration:219] spring.jpa.open-in-view is enabled by default. Therefore, database queries may be performed during view rendering. Explicitly configure spring.jpa.open-in-view to disable this warning
2022-01-30 14:16.16.215 [WARN] [restartedMain] [o.s.b.a.t.ThymeleafAutoConfiguration$DefaultTemplateResolverConfiguration:106] Cannot find template location: classpath:/templates/ (please add some templates or check your Thymeleaf configuration)
2022-01-30 14:16.16.286 [INFO] [restartedMain] [o.s.b.d.a.OptionalLiveReloadServer:58] LiveReload server is running on port 35729
2022-01-30 14:16.16.307 [INFO] [restartedMain] [o.s.b.w.e.t.TomcatWebServer:220] Tomcat started on port(s): 8080 (http) with context path ''
2022-01-30 14:16.16.316 [INFO] [restartedMain] [c.e.PayRollEmpApplication:61] Started PayRollEmpApplication in 1.203 seconds (JVM running for 72.808)
2022-01-30 14:16.16.321 [INFO] [restartedMain] [o.s.b.d.a.ConditionEvaluationDeltaLoggingListener:63] Condition evaluation unchanged
2022-01-30 14:16.16.322 [INFO] [restartedMain] [c.e.PayRollEmpApplication:15] nithun has started running in DEV environment 
2022-01-30 14:16.20.103 [INFO] [http-nio-8080-exec-2] [o.a.c.c.C.[.[.[/]:173] Initializing Spring DispatcherServlet 'dispatcherServlet'
2022-01-30 14:16.20.189 [WARN] [http-nio-8080-exec-2] [o.s.w.s.m.s.DefaultHandlerExceptionResolver:208] Resolved [org.springframework.http.converter.HttpMessageNotReadableException: JSON parse error: Cannot deserialize value of type `java.time.LocalDate` from String "28 02 2020": Failed to deserialize java.time.LocalDate: (java.time.format.DateTimeParseException) Text '28 02 2020' could not be parsed at index 3; nested exception is com.fasterxml.jackson.databind.exc.InvalidFormatException: Cannot deserialize value of type `java.time.LocalDate` from String "28 02 2020": Failed to deserialize java.time.LocalDate: (java.time.format.DateTimeParseException) Text '28 02 2020' could not be parsed at index 3<EOL> at [Source: (PushbackInputStream); line: 5, column: 17] (through reference chain: com.emp.DTO.EmpPayRollDTO["startDate"])]
2022-01-30 14:16.23.439 [WARN] [http-nio-8080-exec-4] [o.s.w.s.m.s.DefaultHandlerExceptionResolver:208] Resolved [org.springframework.http.converter.HttpMessageNotReadableException: JSON parse error: Cannot deserialize value of type `java.time.LocalDate` from String "28 02 2020": Failed to deserialize java.time.LocalDate: (java.time.format.DateTimeParseException) Text '28 02 2020' could not be parsed at index 3; nested exception is com.fasterxml.jackson.databind.exc.InvalidFormatException: Cannot deserialize value of type `java.time.LocalDate` from String "28 02 2020": Failed to deserialize java.time.LocalDate: (java.time.format.DateTimeParseException) Text '28 02 2020' could not be parsed at index 3<EOL> at [Source: (PushbackInputStream); line: 5, column: 17] (through reference chain: com.emp.DTO.EmpPayRollDTO["startDate"])]
2022-01-30 14:16.44.738 [INFO] [Thread-7] [o.s.o.j.LocalContainerEntityManagerFactoryBean:651] Closing JPA EntityManagerFactory for persistence unit 'default'
2022-01-30 14:16.44.740 [INFO] [Thread-7] [c.z.h.HikariDataSource:350] HikariPool-2 - Shutdown initiated...
2022-01-30 14:16.44.754 [INFO] [Thread-7] [c.z.h.HikariDataSource:352] HikariPool-2 - Shutdown completed.
2022-01-30 14:16.44.951 [INFO] [restartedMain] [c.e.PayRollEmpApplication:55] Starting PayRollEmpApplication using Java 17.0.1 on daaku-Vostro-3558 with PID 5486 (/home/daaku/STS-workspace/PayRollEmp/target/classes started by daaku in /home/daaku/STS-workspace/PayRollEmp)
2022-01-30 14:16.44.952 [INFO] [restartedMain] [c.e.PayRollEmpApplication:641] The following profiles are active: dev
2022-01-30 14:16.45.183 [INFO] [restartedMain] [o.s.d.r.c.RepositoryConfigurationDelegate:132] Bootstrapping Spring Data JPA repositories in DEFAULT mode.
2022-01-30 14:16.45.185 [INFO] [restartedMain] [o.s.d.r.c.RepositoryConfigurationDelegate:201] Finished Spring Data repository scanning in 1 ms. Found 0 JPA repository interfaces.
2022-01-30 14:16.45.336 [INFO] [restartedMain] [o.s.b.w.e.t.TomcatWebServer:108] Tomcat initialized with port(s): 8080 (http)
2022-01-30 14:16.45.337 [INFO] [restartedMain] [o.a.c.c.StandardService:173] Starting service [Tomcat]
2022-01-30 14:16.45.337 [INFO] [restartedMain] [o.a.c.c.StandardEngine:173] Starting Servlet engine: [Apache Tomcat/9.0.56]
2022-01-30 14:16.45.354 [INFO] [restartedMain] [o.a.c.c.C.[.[.[/]:173] Initializing Spring embedded WebApplicationContext
2022-01-30 14:16.45.354 [INFO] [restartedMain] [o.s.b.w.s.c.ServletWebServerApplicationContext:290] Root WebApplicationContext: initialization completed in 397 ms
2022-01-30 14:16.45.421 [INFO] [restartedMain] [c.z.h.HikariDataSource:110] HikariPool-3 - Starting...
2022-01-30 14:16.45.565 [INFO] [restartedMain] [c.z.h.HikariDataSource:123] HikariPool-3 - Start completed.
2022-01-30 14:16.45.606 [INFO] [restartedMain] [o.s.o.j.LocalContainerEntityManagerFactoryBean:437] Initialized JPA EntityManagerFactory for persistence unit 'default'
2022-01-30 14:16.45.638 [WARN] [restartedMain] [o.s.b.a.o.j.JpaBaseConfiguration$JpaWebConfiguration:219] spring.jpa.open-in-view is enabled by default. Therefore, database queries may be performed during view rendering. Explicitly configure spring.jpa.open-in-view to disable this warning
2022-01-30 14:16.45.749 [WARN] [restartedMain] [o.s.b.a.t.ThymeleafAutoConfiguration$DefaultTemplateResolverConfiguration:106] Cannot find template location: classpath:/templates/ (please add some templates or check your Thymeleaf configuration)
2022-01-30 14:16.45.804 [INFO] [restartedMain] [o.s.b.d.a.OptionalLiveReloadServer:58] LiveReload server is running on port 35729
2022-01-30 14:16.45.823 [INFO] [restartedMain] [o.s.b.w.e.t.TomcatWebServer:220] Tomcat started on port(s): 8080 (http) with context path ''
2022-01-30 14:16.45.834 [INFO] [restartedMain] [c.e.PayRollEmpApplication:61] Started PayRollEmpApplication in 0.944 seconds (JVM running for 102.326)
2022-01-30 14:16.45.837 [INFO] [restartedMain] [o.s.b.d.a.ConditionEvaluationDeltaLoggingListener:63] Condition evaluation unchanged
2022-01-30 14:16.45.838 [INFO] [restartedMain] [c.e.PayRollEmpApplication:15] nithun has started running in DEV environment 
2022-01-30 14:16.49.774 [INFO] [http-nio-8080-exec-2] [o.a.c.c.C.[.[.[/]:173] Initializing Spring DispatcherServlet 'dispatcherServlet'
2022-01-30 14:16.49.801 [WARN] [http-nio-8080-exec-2] [o.s.w.s.m.s.DefaultHandlerExceptionResolver:208] Resolved [org.springframework.http.converter.HttpMessageNotReadableException: JSON parse error: Cannot construct instance of `java.util.ArrayList` (although at least one Creator exists): no String-argument constructor/factory method to deserialize from String value ('it'); nested exception is com.fasterxml.jackson.databind.exc.MismatchedInputException: Cannot construct instance of `java.util.ArrayList` (although at least one Creator exists): no String-argument constructor/factory method to deserialize from String value ('it')<EOL> at [Source: (PushbackInputStream); line: 8, column: 18] (through reference chain: com.emp.DTO.EmpPayRollDTO["department"])]
2022-01-30 14:16.53.447 [WARN] [http-nio-8080-exec-4] [o.s.w.s.m.s.DefaultHandlerExceptionResolver:208] Resolved [org.springframework.http.converter.HttpMessageNotReadableException: JSON parse error: Cannot construct instance of `java.util.ArrayList` (although at least one Creator exists): no String-argument constructor/factory method to deserialize from String value ('it'); nested exception is com.fasterxml.jackson.databind.exc.MismatchedInputException: Cannot construct instance of `java.util.ArrayList` (although at least one Creator exists): no String-argument constructor/factory method to deserialize from String value ('it')<EOL> at [Source: (PushbackInputStream); line: 8, column: 18] (through reference chain: com.emp.DTO.EmpPayRollDTO["department"])]
2022-01-30 14:20.11.326 [INFO] [RMI TCP Connection(7)-127.0.0.1] [o.s.b.a.SpringApplicationAdminMXBeanRegistrar$SpringApplicationAdmin:159] Application shutdown requested.
2022-01-30 14:20.11.337 [INFO] [RMI TCP Connection(7)-127.0.0.1] [o.s.o.j.LocalContainerEntityManagerFactoryBean:651] Closing JPA EntityManagerFactory for persistence unit 'default'
2022-01-30 14:20.11.339 [INFO] [RMI TCP Connection(7)-127.0.0.1] [c.z.h.HikariDataSource:350] HikariPool-3 - Shutdown initiated...
2022-01-30 14:20.11.394 [INFO] [RMI TCP Connection(7)-127.0.0.1] [c.z.h.HikariDataSource:352] HikariPool-3 - Shutdown completed.
2022-01-30 14:20.14.210 [INFO] [restartedMain] [c.e.PayRollEmpApplication:55] Starting PayRollEmpApplication using Java 17.0.1 on daaku-Vostro-3558 with PID 5663 (/home/daaku/STS-workspace/PayRollEmp/target/classes started by daaku in /home/daaku/STS-workspace/PayRollEmp)
2022-01-30 14:20.14.212 [INFO] [restartedMain] [c.e.PayRollEmpApplication:641] The following profiles are active: dev
2022-01-30 14:20.14.306 [INFO] [restartedMain] [o.s.b.d.e.DevToolsPropertyDefaultsPostProcessor:255] Devtools property defaults active! Set 'spring.devtools.add-properties' to 'false' to disable
2022-01-30 14:20.14.307 [INFO] [restartedMain] [o.s.b.d.e.DevToolsPropertyDefaultsPostProcessor:255] For additional web related logging consider setting the 'logging.level.web' property to 'DEBUG'
2022-01-30 14:20.15.348 [INFO] [restartedMain] [o.s.d.r.c.RepositoryConfigurationDelegate:132] Bootstrapping Spring Data JPA repositories in DEFAULT mode.
2022-01-30 14:20.15.373 [INFO] [restartedMain] [o.s.d.r.c.RepositoryConfigurationDelegate:201] Finished Spring Data repository scanning in 9 ms. Found 0 JPA repository interfaces.
2022-01-30 14:20.16.442 [INFO] [restartedMain] [o.s.b.w.e.t.TomcatWebServer:108] Tomcat initialized with port(s): 8080 (http)
2022-01-30 14:20.16.464 [INFO] [restartedMain] [o.a.c.c.StandardService:173] Starting service [Tomcat]
2022-01-30 14:20.16.465 [INFO] [restartedMain] [o.a.c.c.StandardEngine:173] Starting Servlet engine: [Apache Tomcat/9.0.56]
2022-01-30 14:20.16.604 [INFO] [restartedMain] [o.a.c.c.C.[.[.[/]:173] Initializing Spring embedded WebApplicationContext
2022-01-30 14:20.16.605 [INFO] [restartedMain] [o.s.b.w.s.c.ServletWebServerApplicationContext:290] Root WebApplicationContext: initialization completed in 2297 ms
2022-01-30 14:20.17.287 [INFO] [restartedMain] [c.z.h.HikariDataSource:110] HikariPool-1 - Starting...
2022-01-30 14:20.17.981 [INFO] [restartedMain] [c.z.h.HikariDataSource:123] HikariPool-1 - Start completed.
2022-01-30 14:20.18.492 [INFO] [restartedMain] [o.s.o.j.LocalContainerEntityManagerFactoryBean:437] Initialized JPA EntityManagerFactory for persistence unit 'default'
2022-01-30 14:20.18.610 [WARN] [restartedMain] [o.s.b.a.o.j.JpaBaseConfiguration$JpaWebConfiguration:219] spring.jpa.open-in-view is enabled by default. Therefore, database queries may be performed during view rendering. Explicitly configure spring.jpa.open-in-view to disable this warning
2022-01-30 14:20.19.73 [WARN] [restartedMain] [o.s.b.a.t.ThymeleafAutoConfiguration$DefaultTemplateResolverConfiguration:106] Cannot find template location: classpath:/templates/ (please add some templates or check your Thymeleaf configuration)
2022-01-30 14:20.19.200 [INFO] [restartedMain] [o.s.b.d.a.OptionalLiveReloadServer:58] LiveReload server is running on port 35729
2022-01-30 14:20.19.250 [INFO] [restartedMain] [o.s.b.w.e.t.TomcatWebServer:220] Tomcat started on port(s): 8080 (http) with context path ''
2022-01-30 14:20.19.266 [INFO] [restartedMain] [c.e.PayRollEmpApplication:61] Started PayRollEmpApplication in 5.611 seconds (JVM running for 7.016)
2022-01-30 14:20.19.272 [INFO] [restartedMain] [c.e.PayRollEmpApplication:15] nithun has started running in DEV environment 
2022-01-30 14:20.28.439 [INFO] [http-nio-8080-exec-2] [o.a.c.c.C.[.[.[/]:173] Initializing Spring DispatcherServlet 'dispatcherServlet'
2022-01-30 14:28.33.937 [INFO] [Thread-5] [o.s.o.j.LocalContainerEntityManagerFactoryBean:651] Closing JPA EntityManagerFactory for persistence unit 'default'
2022-01-30 14:28.34.156 [INFO] [Thread-5] [c.z.h.HikariDataSource:350] HikariPool-1 - Shutdown initiated...
2022-01-30 14:28.34.301 [INFO] [Thread-5] [c.z.h.HikariDataSource:352] HikariPool-1 - Shutdown completed.
2022-01-30 14:28.34.674 [INFO] [restartedMain] [c.e.PayRollEmpApplication:55] Starting PayRollEmpApplication using Java 17.0.1 on daaku-Vostro-3558 with PID 5663 (/home/daaku/STS-workspace/PayRollEmp/target/classes started by daaku in /home/daaku/STS-workspace/PayRollEmp)
2022-01-30 14:28.34.675 [INFO] [restartedMain] [c.e.PayRollEmpApplication:641] The following profiles are active: dev
2022-01-30 14:28.35.114 [INFO] [restartedMain] [o.s.d.r.c.RepositoryConfigurationDelegate:132] Bootstrapping Spring Data JPA repositories in DEFAULT mode.
2022-01-30 14:28.35.117 [INFO] [restartedMain] [o.s.d.r.c.RepositoryConfigurationDelegate:201] Finished Spring Data repository scanning in 2 ms. Found 0 JPA repository interfaces.
2022-01-30 14:28.35.364 [INFO] [restartedMain] [o.s.b.w.e.t.TomcatWebServer:108] Tomcat initialized with port(s): 8080 (http)
2022-01-30 14:28.35.367 [INFO] [restartedMain] [o.a.c.c.StandardService:173] Starting service [Tomcat]
2022-01-30 14:28.35.367 [INFO] [restartedMain] [o.a.c.c.StandardEngine:173] Starting Servlet engine: [Apache Tomcat/9.0.56]
2022-01-30 14:28.35.411 [INFO] [restartedMain] [o.a.c.c.C.[.[.[/]:173] Initializing Spring embedded WebApplicationContext
2022-01-30 14:28.35.412 [INFO] [restartedMain] [o.s.b.w.s.c.ServletWebServerApplicationContext:290] Root WebApplicationContext: initialization completed in 734 ms
2022-01-30 14:28.35.499 [INFO] [restartedMain] [c.z.h.HikariDataSource:110] HikariPool-2 - Starting...
2022-01-30 14:28.35.633 [INFO] [restartedMain] [c.z.h.HikariDataSource:123] HikariPool-2 - Start completed.
2022-01-30 14:28.35.676 [INFO] [restartedMain] [o.s.o.j.LocalContainerEntityManagerFactoryBean:437] Initialized JPA EntityManagerFactory for persistence unit 'default'
2022-01-30 14:28.35.720 [WARN] [restartedMain] [o.s.b.a.o.j.JpaBaseConfiguration$JpaWebConfiguration:219] spring.jpa.open-in-view is enabled by default. Therefore, database queries may be performed during view rendering. Explicitly configure spring.jpa.open-in-view to disable this warning
2022-01-30 14:28.35.828 [WARN] [restartedMain] [o.s.b.a.t.ThymeleafAutoConfiguration$DefaultTemplateResolverConfiguration:106] Cannot find template location: classpath:/templates/ (please add some templates or check your Thymeleaf configuration)
2022-01-30 14:28.35.878 [INFO] [restartedMain] [o.s.b.d.a.OptionalLiveReloadServer:58] LiveReload server is running on port 35729
2022-01-30 14:28.35.898 [INFO] [restartedMain] [o.s.b.w.e.t.TomcatWebServer:220] Tomcat started on port(s): 8080 (http) with context path ''
2022-01-30 14:28.35.907 [INFO] [restartedMain] [c.e.PayRollEmpApplication:61] Started PayRollEmpApplication in 1.361 seconds (JVM running for 503.657)
2022-01-30 14:28.35.910 [INFO] [restartedMain] [o.s.b.d.a.ConditionEvaluationDeltaLoggingListener:63] Condition evaluation unchanged
2022-01-30 14:28.35.911 [INFO] [restartedMain] [c.e.PayRollEmpApplication:15] nithun has started running in DEV environment 
2022-01-30 14:29.29.362 [INFO] [Thread-7] [o.s.o.j.LocalContainerEntityManagerFactoryBean:651] Closing JPA EntityManagerFactory for persistence unit 'default'
2022-01-30 14:29.29.363 [INFO] [Thread-7] [c.z.h.HikariDataSource:350] HikariPool-2 - Shutdown initiated...
2022-01-30 14:29.29.372 [INFO] [Thread-7] [c.z.h.HikariDataSource:352] HikariPool-2 - Shutdown completed.
2022-01-30 14:29.29.497 [INFO] [restartedMain] [c.e.PayRollEmpApplication:55] Starting PayRollEmpApplication using Java 17.0.1 on daaku-Vostro-3558 with PID 5663 (/home/daaku/STS-workspace/PayRollEmp/target/classes started by daaku in /home/daaku/STS-workspace/PayRollEmp)
2022-01-30 14:29.29.497 [INFO] [restartedMain] [c.e.PayRollEmpApplication:641] The following profiles are active: dev
2022-01-30 14:29.29.697 [INFO] [restartedMain] [o.s.d.r.c.RepositoryConfigurationDelegate:132] Bootstrapping Spring Data JPA repositories in DEFAULT mode.
2022-01-30 14:29.29.699 [INFO] [restartedMain] [o.s.d.r.c.RepositoryConfigurationDelegate:201] Finished Spring Data repository scanning in 1 ms. Found 0 JPA repository interfaces.
2022-01-30 14:29.29.871 [INFO] [restartedMain] [o.s.b.w.e.t.TomcatWebServer:108] Tomcat initialized with port(s): 8080 (http)
2022-01-30 14:29.29.874 [INFO] [restartedMain] [o.a.c.c.StandardService:173] Starting service [Tomcat]
2022-01-30 14:29.29.874 [INFO] [restartedMain] [o.a.c.c.StandardEngine:173] Starting Servlet engine: [Apache Tomcat/9.0.56]
2022-01-30 14:29.29.944 [INFO] [restartedMain] [o.a.c.c.C.[.[.[/]:173] Initializing Spring embedded WebApplicationContext
2022-01-30 14:29.29.944 [INFO] [restartedMain] [o.s.b.w.s.c.ServletWebServerApplicationContext:290] Root WebApplicationContext: initialization completed in 443 ms
2022-01-30 14:29.30.34 [INFO] [restartedMain] [c.z.h.HikariDataSource:110] HikariPool-3 - Starting...
2022-01-30 14:29.30.144 [INFO] [restartedMain] [c.z.h.HikariDataSource:123] HikariPool-3 - Start completed.
2022-01-30 14:29.30.190 [INFO] [restartedMain] [o.s.o.j.LocalContainerEntityManagerFactoryBean:437] Initialized JPA EntityManagerFactory for persistence unit 'default'
2022-01-30 14:29.30.237 [WARN] [restartedMain] [o.s.b.a.o.j.JpaBaseConfiguration$JpaWebConfiguration:219] spring.jpa.open-in-view is enabled by default. Therefore, database queries may be performed during view rendering. Explicitly configure spring.jpa.open-in-view to disable this warning
2022-01-30 14:29.30.418 [WARN] [restartedMain] [o.s.b.a.t.ThymeleafAutoConfiguration$DefaultTemplateResolverConfiguration:106] Cannot find template location: classpath:/templates/ (please add some templates or check your Thymeleaf configuration)
2022-01-30 14:29.30.510 [INFO] [restartedMain] [o.s.b.d.a.OptionalLiveReloadServer:58] LiveReload server is running on port 35729
2022-01-30 14:29.30.545 [INFO] [restartedMain] [o.s.b.w.e.t.TomcatWebServer:220] Tomcat started on port(s): 8080 (http) with context path ''
2022-01-30 14:29.30.558 [INFO] [restartedMain] [c.e.PayRollEmpApplication:61] Started PayRollEmpApplication in 1.112 seconds (JVM running for 558.308)
2022-01-30 14:29.30.563 [INFO] [restartedMain] [o.s.b.d.a.ConditionEvaluationDeltaLoggingListener:63] Condition evaluation unchanged
2022-01-30 14:29.30.564 [INFO] [restartedMain] [c.e.PayRollEmpApplication:15] nithun has started running in DEV environment 
2022-01-30 14:29.58.958 [INFO] [Thread-11] [o.s.o.j.LocalContainerEntityManagerFactoryBean:651] Closing JPA EntityManagerFactory for persistence unit 'default'
2022-01-30 14:29.58.959 [INFO] [Thread-11] [c.z.h.HikariDataSource:350] HikariPool-3 - Shutdown initiated...
2022-01-30 14:29.58.965 [INFO] [Thread-11] [c.z.h.HikariDataSource:352] HikariPool-3 - Shutdown completed.
2022-01-30 14:29.59.66 [INFO] [restartedMain] [c.e.PayRollEmpApplication:55] Starting PayRollEmpApplication using Java 17.0.1 on daaku-Vostro-3558 with PID 5663 (/home/daaku/STS-workspace/PayRollEmp/target/classes started by daaku in /home/daaku/STS-workspace/PayRollEmp)
2022-01-30 14:29.59.66 [INFO] [restartedMain] [c.e.PayRollEmpApplication:641] The following profiles are active: dev
2022-01-30 14:29.59.248 [INFO] [restartedMain] [o.s.d.r.c.RepositoryConfigurationDelegate:132] Bootstrapping Spring Data JPA repositories in DEFAULT mode.
2022-01-30 14:29.59.251 [INFO] [restartedMain] [o.s.d.r.c.RepositoryConfigurationDelegate:201] Finished Spring Data repository scanning in 2 ms. Found 0 JPA repository interfaces.
2022-01-30 14:29.59.406 [INFO] [restartedMain] [o.s.b.w.e.t.TomcatWebServer:108] Tomcat initialized with port(s): 8080 (http)
2022-01-30 14:29.59.408 [INFO] [restartedMain] [o.a.c.c.StandardService:173] Starting service [Tomcat]
2022-01-30 14:29.59.409 [INFO] [restartedMain] [o.a.c.c.StandardEngine:173] Starting Servlet engine: [Apache Tomcat/9.0.56]
2022-01-30 14:29.59.425 [INFO] [restartedMain] [o.a.c.c.C.[.[.[/]:173] Initializing Spring embedded WebApplicationContext
2022-01-30 14:29.59.426 [INFO] [restartedMain] [o.s.b.w.s.c.ServletWebServerApplicationContext:290] Root WebApplicationContext: initialization completed in 357 ms
2022-01-30 14:29.59.523 [INFO] [restartedMain] [c.z.h.HikariDataSource:110] HikariPool-4 - Starting...
2022-01-30 14:29.59.667 [INFO] [restartedMain] [c.z.h.HikariDataSource:123] HikariPool-4 - Start completed.
2022-01-30 14:29.59.701 [INFO] [restartedMain] [o.s.o.j.LocalContainerEntityManagerFactoryBean:437] Initialized JPA EntityManagerFactory for persistence unit 'default'
2022-01-30 14:29.59.734 [WARN] [restartedMain] [o.s.b.a.o.j.JpaBaseConfiguration$JpaWebConfiguration:219] spring.jpa.open-in-view is enabled by default. Therefore, database queries may be performed during view rendering. Explicitly configure spring.jpa.open-in-view to disable this warning
2022-01-30 14:29.59.840 [WARN] [restartedMain] [o.s.b.a.t.ThymeleafAutoConfiguration$DefaultTemplateResolverConfiguration:106] Cannot find template location: classpath:/templates/ (please add some templates or check your Thymeleaf configuration)
2022-01-30 14:29.59.883 [INFO] [restartedMain] [o.s.b.d.a.OptionalLiveReloadServer:58] LiveReload server is running on port 35729
2022-01-30 14:29.59.897 [INFO] [restartedMain] [o.s.b.w.e.t.TomcatWebServer:220] Tomcat started on port(s): 8080 (http) with context path ''
2022-01-30 14:29.59.906 [INFO] [restartedMain] [c.e.PayRollEmpApplication:61] Started PayRollEmpApplication in 0.874 seconds (JVM running for 587.656)
2022-01-30 14:29.59.908 [INFO] [restartedMain] [o.s.b.d.a.ConditionEvaluationDeltaLoggingListener:63] Condition evaluation unchanged
2022-01-30 14:29.59.909 [INFO] [restartedMain] [c.e.PayRollEmpApplication:15] nithun has started running in DEV environment 
2022-01-30 14:30.57.354 [INFO] [Thread-15] [o.s.o.j.LocalContainerEntityManagerFactoryBean:651] Closing JPA EntityManagerFactory for persistence unit 'default'
2022-01-30 14:30.57.355 [INFO] [Thread-15] [c.z.h.HikariDataSource:350] HikariPool-4 - Shutdown initiated...
2022-01-30 14:30.57.360 [INFO] [Thread-15] [c.z.h.HikariDataSource:352] HikariPool-4 - Shutdown completed.
